mode: set
github.com/kairostack/go-calculator/internal/calculator/calculator.go:14.24,26.2 6 1
github.com/kairostack/go-calculator/internal/calculator/calculator.go:30.65,34.2 1 1
github.com/kairostack/go-calculator/internal/calculator/calculator.go:38.85,40.16 2 1
github.com/kairostack/go-calculator/internal/calculator/calculator.go:40.16,42.3 1 1
github.com/kairostack/go-calculator/internal/calculator/calculator.go:44.2,44.25 1 1
github.com/kairostack/go-calculator/internal/calculator/calculator.go:48.78,50.2 1 1
github.com/kairostack/go-calculator/internal/calculator/calculator.go:53.48,55.2 1 1
github.com/kairostack/go-calculator/internal/calculator/calculator.go:58.82,60.16 2 1
github.com/kairostack/go-calculator/internal/calculator/calculator.go:60.16,62.3 1 1
github.com/kairostack/go-calculator/internal/calculator/calculator.go:64.2,68.8 1 1
github.com/kairostack/go-calculator/internal/calculator/calculator.go:73.100,75.16 2 1
github.com/kairostack/go-calculator/internal/calculator/calculator.go:75.16,77.3 1 1
github.com/kairostack/go-calculator/internal/calculator/calculator.go:79.2,80.16 2 1
github.com/kairostack/go-calculator/internal/calculator/calculator.go:80.16,82.3 1 1
github.com/kairostack/go-calculator/internal/calculator/calculator.go:84.2,84.33 1 1
github.com/kairostack/go-calculator/internal/calculator/calculator.go:88.58,91.2 2 1
github.com/kairostack/go-calculator/internal/errors/errors.go:15.42,16.21 1 0
github.com/kairostack/go-calculator/internal/errors/errors.go:16.21,18.3 1 0
github.com/kairostack/go-calculator/internal/errors/errors.go:19.2,19.62 1 0
github.com/kairostack/go-calculator/internal/errors/errors.go:50.58,55.2 1 0
github.com/kairostack/go-calculator/internal/errors/errors.go:58.50,64.2 1 0
github.com/kairostack/go-calculator/cmd/calculator/main.go:16.13,18.2 1 0
github.com/kairostack/go-calculator/cmd/calculator/main.go:20.29,26.20 3 0
github.com/kairostack/go-calculator/cmd/calculator/main.go:26.20,29.3 2 0
github.com/kairostack/go-calculator/cmd/calculator/main.go:32.2,32.65 1 0
github.com/kairostack/go-calculator/cmd/calculator/main.go:32.65,35.3 2 0
github.com/kairostack/go-calculator/cmd/calculator/main.go:38.2,40.16 3 0
github.com/kairostack/go-calculator/cmd/calculator/main.go:40.16,43.3 2 0
github.com/kairostack/go-calculator/cmd/calculator/main.go:46.2,51.16 2 0
github.com/kairostack/go-calculator/cmd/calculator/main.go:51.16,54.3 2 0
github.com/kairostack/go-calculator/cmd/calculator/main.go:57.2,66.20 3 0
github.com/kairostack/go-calculator/internal/operations/add.go:7.63,9.2 1 1
github.com/kairostack/go-calculator/internal/operations/add.go:12.38,14.2 1 1
github.com/kairostack/go-calculator/internal/operations/add.go:17.45,19.2 1 1
github.com/kairostack/go-calculator/internal/operations/add.go:22.40,24.2 1 1
github.com/kairostack/go-calculator/internal/operations/divide.go:12.66,13.12 1 1
github.com/kairostack/go-calculator/internal/operations/divide.go:13.12,15.3 1 1
github.com/kairostack/go-calculator/internal/operations/divide.go:16.2,16.19 1 1
github.com/kairostack/go-calculator/internal/operations/divide.go:20.41,22.2 1 1
github.com/kairostack/go-calculator/internal/operations/divide.go:25.48,27.2 1 1
github.com/kairostack/go-calculator/internal/operations/divide.go:30.43,32.2 1 1
github.com/kairostack/go-calculator/internal/operations/multiply.go:7.68,9.2 1 1
github.com/kairostack/go-calculator/internal/operations/multiply.go:12.43,14.2 1 1
github.com/kairostack/go-calculator/internal/operations/multiply.go:17.50,19.2 1 1
github.com/kairostack/go-calculator/internal/operations/multiply.go:22.45,24.2 1 1
github.com/kairostack/go-calculator/internal/operations/registry.go:17.30,21.2 1 1
github.com/kairostack/go-calculator/internal/operations/registry.go:25.43,29.2 3 1
github.com/kairostack/go-calculator/internal/operations/registry.go:33.56,37.38 3 1
github.com/kairostack/go-calculator/internal/operations/registry.go:37.38,39.3 1 1
github.com/kairostack/go-calculator/internal/operations/registry.go:41.2,45.3 1 1
github.com/kairostack/go-calculator/internal/operations/registry.go:49.36,54.33 4 1
github.com/kairostack/go-calculator/internal/operations/registry.go:54.33,56.3 1 1
github.com/kairostack/go-calculator/internal/operations/registry.go:57.2,57.14 1 1
github.com/kairostack/go-calculator/internal/operations/registry.go:61.32,65.2 3 1
github.com/kairostack/go-calculator/internal/operations/registry.go:68.49,72.45 3 1
github.com/kairostack/go-calculator/internal/operations/registry.go:72.45,75.3 2 1
github.com/kairostack/go-calculator/internal/operations/registry.go:76.2,76.14 1 1
github.com/kairostack/go-calculator/internal/operations/subtract.go:7.68,9.2 1 1
github.com/kairostack/go-calculator/internal/operations/subtract.go:12.43,14.2 1 1
github.com/kairostack/go-calculator/internal/operations/subtract.go:17.50,19.2 1 1
github.com/kairostack/go-calculator/internal/operations/subtract.go:22.45,24.2 1 1
github.com/kairostack/go-calculator/pkg/cli/formatter.go:15.32,17.2 1 1
github.com/kairostack/go-calculator/pkg/cli/formatter.go:20.58,21.19 1 1
github.com/kairostack/go-calculator/pkg/cli/formatter.go:21.19,23.3 1 1
github.com/kairostack/go-calculator/pkg/cli/formatter.go:24.2,24.41 1 1
github.com/kairostack/go-calculator/pkg/cli/formatter.go:28.89,30.2 1 1
github.com/kairostack/go-calculator/pkg/cli/formatter.go:33.51,35.2 1 1
github.com/kairostack/go-calculator/pkg/cli/formatter.go:38.60,43.32 4 1
github.com/kairostack/go-calculator/pkg/cli/formatter.go:43.32,45.3 1 1
github.com/kairostack/go-calculator/pkg/cli/formatter.go:47.2,53.20 6 1
github.com/kairostack/go-calculator/pkg/cli/formatter.go:57.52,66.2 5 1
github.com/kairostack/go-calculator/pkg/cli/parser.go:22.26,24.2 1 1
github.com/kairostack/go-calculator/pkg/cli/parser.go:29.61,30.19 1 1
github.com/kairostack/go-calculator/pkg/cli/parser.go:30.19,36.3 1 1
github.com/kairostack/go-calculator/pkg/cli/parser.go:38.2,39.21 2 1
github.com/kairostack/go-calculator/pkg/cli/parser.go:39.21,44.3 1 1
github.com/kairostack/go-calculator/pkg/cli/parser.go:46.2,47.16 2 1
github.com/kairostack/go-calculator/pkg/cli/parser.go:47.16,53.3 1 1
github.com/kairostack/go-calculator/pkg/cli/parser.go:55.2,56.16 2 1
github.com/kairostack/go-calculator/pkg/cli/parser.go:56.16,62.3 1 1
github.com/kairostack/go-calculator/pkg/cli/parser.go:64.2,68.8 1 1
github.com/kairostack/go-calculator/pkg/cli/parser.go:72.40,74.2 1 1
