mode: set
github.com/kairostack/go-calculator/cmd/calculator/main.go:10.13,14.2 3 0
github.com/kairostack/go-calculator/internal/errors/errors.go:15.42,16.21 1 0
github.com/kairostack/go-calculator/internal/errors/errors.go:16.21,18.3 1 0
github.com/kairostack/go-calculator/internal/errors/errors.go:19.2,19.62 1 0
github.com/kairostack/go-calculator/internal/errors/errors.go:68.58,73.2 1 0
github.com/kairostack/go-calculator/internal/errors/errors.go:76.50,82.2 1 0
github.com/kairostack/go-calculator/internal/errors/errors.go:92.41,94.2 1 0
github.com/kairostack/go-calculator/internal/errors/errors.go:97.41,99.2 1 0
github.com/kairostack/go-calculator/internal/calculator/calculator.go:19.24,24.2 1 1
github.com/kairostack/go-calculator/internal/calculator/calculator.go:28.65,33.2 1 1
github.com/kairostack/go-calculator/internal/calculator/calculator.go:36.52,40.2 3 0
github.com/kairostack/go-calculator/internal/calculator/calculator.go:44.85,48.16 3 1
github.com/kairostack/go-calculator/internal/calculator/calculator.go:48.16,51.3 2 1
github.com/kairostack/go-calculator/internal/calculator/calculator.go:53.2,54.16 2 1
github.com/kairostack/go-calculator/internal/calculator/calculator.go:54.16,57.3 2 1
github.com/kairostack/go-calculator/internal/calculator/calculator.go:59.2,60.20 2 1
github.com/kairostack/go-calculator/internal/calculator/calculator.go:64.78,66.2 1 1
github.com/kairostack/go-calculator/internal/calculator/calculator.go:69.48,71.2 1 1
github.com/kairostack/go-calculator/internal/calculator/calculator.go:74.82,76.16 2 1
github.com/kairostack/go-calculator/internal/calculator/calculator.go:76.16,78.3 1 1
github.com/kairostack/go-calculator/internal/calculator/calculator.go:80.2,84.8 1 1
github.com/kairostack/go-calculator/internal/calculator/calculator.go:89.100,93.16 3 1
github.com/kairostack/go-calculator/internal/calculator/calculator.go:93.16,96.3 2 1
github.com/kairostack/go-calculator/internal/calculator/calculator.go:98.2,99.16 2 1
github.com/kairostack/go-calculator/internal/calculator/calculator.go:99.16,102.3 2 1
github.com/kairostack/go-calculator/internal/calculator/calculator.go:104.2,105.33 2 1
github.com/kairostack/go-calculator/internal/calculator/calculator.go:109.58,112.2 2 1
github.com/kairostack/go-calculator/internal/operations/add.go:12.13,14.2 1 1
github.com/kairostack/go-calculator/internal/operations/add.go:18.63,19.45 1 1
github.com/kairostack/go-calculator/internal/operations/add.go:19.45,21.3 1 1
github.com/kairostack/go-calculator/internal/operations/add.go:23.2,24.27 2 1
github.com/kairostack/go-calculator/internal/operations/add.go:24.27,26.3 1 1
github.com/kairostack/go-calculator/internal/operations/add.go:28.2,28.20 1 1
github.com/kairostack/go-calculator/internal/operations/add.go:32.38,34.2 1 1
github.com/kairostack/go-calculator/internal/operations/add.go:37.45,39.2 1 1
github.com/kairostack/go-calculator/internal/operations/add.go:42.40,44.2 1 1
github.com/kairostack/go-calculator/internal/operations/divide.go:14.13,16.2 1 1
github.com/kairostack/go-calculator/internal/operations/divide.go:21.66,23.45 1 1
github.com/kairostack/go-calculator/internal/operations/divide.go:23.45,25.3 1 1
github.com/kairostack/go-calculator/internal/operations/divide.go:28.2,28.49 1 1
github.com/kairostack/go-calculator/internal/operations/divide.go:28.49,30.3 1 1
github.com/kairostack/go-calculator/internal/operations/divide.go:32.2,34.46 2 1
github.com/kairostack/go-calculator/internal/operations/divide.go:34.46,36.3 1 1
github.com/kairostack/go-calculator/internal/operations/divide.go:37.2,37.27 1 1
github.com/kairostack/go-calculator/internal/operations/divide.go:37.27,39.3 1 1
github.com/kairostack/go-calculator/internal/operations/divide.go:41.2,41.20 1 1
github.com/kairostack/go-calculator/internal/operations/divide.go:45.41,47.2 1 1
github.com/kairostack/go-calculator/internal/operations/divide.go:50.48,52.2 1 1
github.com/kairostack/go-calculator/internal/operations/divide.go:55.43,57.2 1 1
github.com/kairostack/go-calculator/internal/operations/multiply.go:12.13,14.2 1 1
github.com/kairostack/go-calculator/internal/operations/multiply.go:18.68,19.45 1 1
github.com/kairostack/go-calculator/internal/operations/multiply.go:19.45,21.3 1 1
github.com/kairostack/go-calculator/internal/operations/multiply.go:24.2,24.66 1 1
github.com/kairostack/go-calculator/internal/operations/multiply.go:24.66,26.3 1 1
github.com/kairostack/go-calculator/internal/operations/multiply.go:28.2,29.27 2 1
github.com/kairostack/go-calculator/internal/operations/multiply.go:29.27,31.3 1 0
github.com/kairostack/go-calculator/internal/operations/multiply.go:33.2,33.20 1 1
github.com/kairostack/go-calculator/internal/operations/multiply.go:37.43,39.2 1 1
github.com/kairostack/go-calculator/internal/operations/multiply.go:42.50,44.2 1 1
github.com/kairostack/go-calculator/internal/operations/multiply.go:47.45,49.2 1 1
github.com/kairostack/go-calculator/internal/operations/registry.go:21.36,22.25 1 1
github.com/kairostack/go-calculator/internal/operations/registry.go:22.25,24.3 1 1
github.com/kairostack/go-calculator/internal/operations/registry.go:25.2,25.30 1 1
github.com/kairostack/go-calculator/internal/operations/registry.go:36.30,40.2 1 1
github.com/kairostack/go-calculator/internal/operations/registry.go:44.43,48.2 3 1
github.com/kairostack/go-calculator/internal/operations/registry.go:52.56,56.38 3 1
github.com/kairostack/go-calculator/internal/operations/registry.go:56.38,58.3 1 1
github.com/kairostack/go-calculator/internal/operations/registry.go:60.2,64.3 1 1
github.com/kairostack/go-calculator/internal/operations/registry.go:68.36,73.33 4 1
github.com/kairostack/go-calculator/internal/operations/registry.go:73.33,75.3 1 1
github.com/kairostack/go-calculator/internal/operations/registry.go:76.2,77.14 2 1
github.com/kairostack/go-calculator/internal/operations/registry.go:81.32,85.2 3 1
github.com/kairostack/go-calculator/internal/operations/registry.go:88.49,92.45 3 1
github.com/kairostack/go-calculator/internal/operations/registry.go:92.45,95.3 2 1
github.com/kairostack/go-calculator/internal/operations/registry.go:96.2,96.14 1 1
github.com/kairostack/go-calculator/internal/operations/subtract.go:7.13,9.2 1 1
github.com/kairostack/go-calculator/internal/operations/subtract.go:13.68,14.45 1 1
github.com/kairostack/go-calculator/internal/operations/subtract.go:14.45,16.3 1 1
github.com/kairostack/go-calculator/internal/operations/subtract.go:17.2,17.19 1 1
github.com/kairostack/go-calculator/internal/operations/subtract.go:21.43,23.2 1 1
github.com/kairostack/go-calculator/internal/operations/subtract.go:26.50,28.2 1 1
github.com/kairostack/go-calculator/internal/operations/subtract.go:31.45,33.2 1 1
github.com/kairostack/go-calculator/internal/operations/validation.go:11.41,12.36 1 1
github.com/kairostack/go-calculator/internal/operations/validation.go:12.36,14.3 1 1
github.com/kairostack/go-calculator/internal/operations/validation.go:15.2,15.42 1 1
github.com/kairostack/go-calculator/internal/operations/validation.go:15.42,17.3 1 1
github.com/kairostack/go-calculator/internal/operations/validation.go:18.2,18.12 1 1
github.com/kairostack/go-calculator/pkg/floatutil/compare.go:23.32,25.36 1 1
github.com/kairostack/go-calculator/pkg/floatutil/compare.go:25.36,27.3 1 1
github.com/kairostack/go-calculator/pkg/floatutil/compare.go:31.2,31.42 1 1
github.com/kairostack/go-calculator/pkg/floatutil/compare.go:31.42,33.3 1 1
github.com/kairostack/go-calculator/pkg/floatutil/compare.go:36.2,39.21 2 1
github.com/kairostack/go-calculator/pkg/floatutil/compare.go:39.21,41.3 1 1
github.com/kairostack/go-calculator/pkg/floatutil/compare.go:45.2,45.59 1 1
github.com/kairostack/go-calculator/pkg/floatutil/compare.go:50.54,51.36 1 1
github.com/kairostack/go-calculator/pkg/floatutil/compare.go:51.36,53.3 1 1
github.com/kairostack/go-calculator/pkg/floatutil/compare.go:55.2,56.21 2 1
github.com/kairostack/go-calculator/pkg/floatutil/compare.go:56.21,58.3 1 1
github.com/kairostack/go-calculator/pkg/floatutil/compare.go:60.2,60.59 1 1
github.com/kairostack/go-calculator/pkg/floatutil/compare.go:64.29,66.2 1 1
github.com/kairostack/go-calculator/pkg/floatutil/compare.go:70.37,72.2 1 1
github.com/kairostack/go-calculator/pkg/floatutil/compare.go:76.34,78.2 1 1
github.com/kairostack/go-calculator/pkg/floatutil/compare.go:81.31,83.2 1 1
github.com/kairostack/go-calculator/pkg/cli/formatter.go:15.32,17.2 1 1
github.com/kairostack/go-calculator/pkg/cli/formatter.go:20.58,21.19 1 1
github.com/kairostack/go-calculator/pkg/cli/formatter.go:21.19,23.3 1 1
github.com/kairostack/go-calculator/pkg/cli/formatter.go:24.2,24.41 1 1
github.com/kairostack/go-calculator/pkg/cli/formatter.go:28.89,30.2 1 1
github.com/kairostack/go-calculator/pkg/cli/formatter.go:33.51,35.2 1 1
github.com/kairostack/go-calculator/pkg/cli/formatter.go:38.60,43.32 4 1
github.com/kairostack/go-calculator/pkg/cli/formatter.go:43.32,45.3 1 1
github.com/kairostack/go-calculator/pkg/cli/formatter.go:47.2,53.20 6 1
github.com/kairostack/go-calculator/pkg/cli/formatter.go:57.52,66.2 5 1
github.com/kairostack/go-calculator/pkg/cli/parser.go:26.26,28.2 1 1
github.com/kairostack/go-calculator/pkg/cli/parser.go:33.61,34.19 1 1
github.com/kairostack/go-calculator/pkg/cli/parser.go:34.19,40.3 1 1
github.com/kairostack/go-calculator/pkg/cli/parser.go:42.2,43.21 2 1
github.com/kairostack/go-calculator/pkg/cli/parser.go:43.21,48.3 1 1
github.com/kairostack/go-calculator/pkg/cli/parser.go:50.2,51.16 2 1
github.com/kairostack/go-calculator/pkg/cli/parser.go:51.16,57.3 1 1
github.com/kairostack/go-calculator/pkg/cli/parser.go:59.2,59.23 1 1
github.com/kairostack/go-calculator/pkg/cli/parser.go:59.23,65.3 1 0
github.com/kairostack/go-calculator/pkg/cli/parser.go:67.2,68.16 2 1
github.com/kairostack/go-calculator/pkg/cli/parser.go:68.16,74.3 1 1
github.com/kairostack/go-calculator/pkg/cli/parser.go:76.2,76.23 1 1
github.com/kairostack/go-calculator/pkg/cli/parser.go:76.23,82.3 1 0
github.com/kairostack/go-calculator/pkg/cli/parser.go:84.2,88.8 1 1
github.com/kairostack/go-calculator/pkg/cli/parser.go:93.36,95.2 1 1
github.com/kairostack/go-calculator/pkg/cli/parser.go:98.40,100.2 1 1
github.com/kairostack/go-calculator/pkg/cli/runner.go:21.96,30.2 1 0
github.com/kairostack/go-calculator/pkg/cli/runner.go:34.41,36.84 1 0
github.com/kairostack/go-calculator/pkg/cli/runner.go:36.84,39.3 2 0
github.com/kairostack/go-calculator/pkg/cli/runner.go:42.2,42.66 1 0
github.com/kairostack/go-calculator/pkg/cli/runner.go:42.66,45.3 2 0
github.com/kairostack/go-calculator/pkg/cli/runner.go:48.2,48.20 1 0
github.com/kairostack/go-calculator/pkg/cli/runner.go:48.20,51.3 2 0
github.com/kairostack/go-calculator/pkg/cli/runner.go:54.2,55.16 2 0
github.com/kairostack/go-calculator/pkg/cli/runner.go:55.16,58.3 2 0
github.com/kairostack/go-calculator/pkg/cli/runner.go:61.2,66.16 2 0
github.com/kairostack/go-calculator/pkg/cli/runner.go:66.16,69.3 2 0
github.com/kairostack/go-calculator/pkg/cli/runner.go:72.2,81.10 3 0
